Compiling the C compiler identification source file "CMakeCCompilerId.c" failed.
Compiler: cl 
Build flags: 
Id flags: 

The output was:
t参тぃ飓w豪僧住C


Compiling the C compiler identification source file "CMakeCCompilerId.c" failed.
Compiler: cl 
Build flags: 
Id flags: -c

The output was:
t参тぃ飓w豪僧住C


Compiling the C compiler identification source file "CMakeCCompilerId.c" failed.
Compiler: cl 
Build flags: 
Id flags: -Aa

The output was:
t参тぃ飓w豪僧住C


Checking whether the C compiler is IAR using "" did not match "IAR .+ Compiler":
Compiling the CXX compiler identification source file "CMakeCXXCompilerId.cpp" failed.
Compiler: cl 
Build flags: 
Id flags: 

The output was:
t参тぃ飓w豪僧住C


Compiling the CXX compiler identification source file "CMakeCXXCompilerId.cpp" failed.
Compiler: cl 
Build flags: 
Id flags: -c

The output was:
t参тぃ飓w豪僧住C


Checking whether the CXX compiler is IAR using "" did not match "IAR .+ Compiler":
Determining if the C compiler works failed with the following output:


Compiling the C compiler identification source file "CMakeCCompilerId.c" failed.
Compiler: cl 
Build flags: 
Id flags: 

The output was:
t参тぃ飓w豪僧住C


Compiling the C compiler identification source file "CMakeCCompilerId.c" failed.
Compiler: cl 
Build flags: 
Id flags: -c

The output was:
t参тぃ飓w豪僧住C


Compiling the C compiler identification source file "CMakeCCompilerId.c" failed.
Compiler: cl 
Build flags: 
Id flags: -Aa

The output was:
t参тぃ飓w豪僧住C


Checking whether the C compiler is IAR using "" did not match "IAR .+ Compiler":
Compiling the CXX compiler identification source file "CMakeCXXCompilerId.cpp" failed.
Compiler: cl 
Build flags: 
Id flags: 

The output was:
t参тぃ飓w豪僧住C


Compiling the CXX compiler identification source file "CMakeCXXCompilerId.cpp" failed.
Compiler: cl 
Build flags: 
Id flags: -c

The output was:
t参тぃ飓w豪僧住C


Checking whether the CXX compiler is IAR using "" did not match "IAR .+ Compiler":
Determining if the C compiler works failed with the following output:


Determining if the C compiler works failed with the following output:


